[0m[0K/usr/local/lib/python3.11/site-packages/nbformat/__init__.py:93: MissingIDFieldWarn[0Ki
ng: Code cell is missing an id field, this will become a hard error in future nbfor[0Km
at versions. You may want to use `normalize()` on your notebooks before validations[0K
(available since nbformat 5.1.4). Previous versions of nbformat are fixing this iss[0Ku
e transparently, and will stop doing so in the future.[0K
  validate(nb)[0K
[0K
         Computing pi in serial:[0K
[0K
         For 10000000 trials, pi = 3.140633[0K
[0K
4.74 s ± 18.8 ms per loop (mean ± std. dev. of 3 runs, 1 loop each)[0K
[0K
         Computing pi in serial with numpy w/o arrays:[0K
[0K
         For 10000000 trials, pi = 3.141722[0K
[0K
8.35 s ± 22.7 ms per loop (mean ± std. dev. of 3 runs, 1 loop each)[0K
[0K
         Computing pi in serial with numpy w/ arrays:[0K
[0K
         For 10000000 trials, pi = 3.142296[0K
[0K
164 ms ± 1.09 ms per loop (mean ± std. dev. of 3 runs, 10 loops each)[0K
[0K
         Computing pi with numba:[0K
[0K
         For 10000000 trials, pi = 3.141160[0K
[0K
59.1 ms ± 1.99 ms per loop (mean ± std. dev. of 3 runs, 10 loops each)[0K
[0K